[2026-05-11T11:57:38.564Z] GET http://localhost:5173/ → 200 (11ms, 250B)
[2026-05-11T11:57:38.583Z] GET http://localhost:5173/@vite/client → 200 (38ms, 137703B)
[2026-05-11T11:57:38.583Z] GET http://localhost:5173/src/main.ts → 200 (32ms, 594B)
[2026-05-11T11:57:38.616Z] GET http://localhost:5173/node_modules/.vite/deps/vue.js?v=60c265b6 → 200 (8ms, 386265B)
[2026-05-11T11:57:38.616Z] GET http://localhost:5173/src/App.vue → 200 (6ms, 5942B)
[2026-05-11T11:57:38.621Z] GET http://localhost:5173/src/styles/tokens.css → 200 (2ms, 11080B)
[2026-05-11T11:57:38.622Z] GET http://localhost:5173/node_modules/vite/dist/client/env.mjs → 200 (1ms, 4438B)
[2026-05-11T11:57:38.622Z] GET http://localhost:5173/src/components/Sidebar.vue → 200 (26ms, 27746B)
[2026-05-11T11:57:38.622Z] GET http://localhost:5173/src/views/ChatView.vue → 200 (27ms, 88279B)
[2026-05-11T11:57:38.622Z] GET http://localhost:5173/src/views/SkillView.vue → 200 (28ms, 68751B)
[2026-05-11T11:57:38.622Z] GET http://localhost:5173/src/views/ConnectionsView.vue → 200 (29ms, 53920B)
[2026-05-11T11:57:38.623Z] GET http://localhost:5173/src/views/TaskView.vue → 200 (29ms, 90875B)
[2026-05-11T11:57:38.623Z] GET http://localhost:5173/src/views/FileView.vue → 200 (27ms, 37763B)
[2026-05-11T11:57:38.623Z] GET http://localhost:5173/src/views/SettingsView.vue → 200 (29ms, 99628B)
[2026-05-11T11:57:38.623Z] GET http://localhost:5173/src/App.vue?vue&type=style&index=0&scoped=7a7a37b1&lang.css → 200 (28ms, 798B)
[2026-05-11T11:57:38.623Z] GET http://localhost:5173/@id/__x00__plugin-vue:export-helper → 200 (27ms, 1126B)
[2026-05-11T11:57:38.625Z] GET http://localhost:5173/node_modules/.vite/deps/chunk-Y3YMTSHA.js?v=60c265b6 → 200 (26ms, 874B)
[2026-05-11T11:57:38.652Z] GET http://localhost:5173/src/composables/useWebSocket.ts → 200 (2ms, 19907B)
[2026-05-11T11:57:38.652Z] GET http://localhost:5173/src/composables/useAgentStatus.ts → 200 (8ms, 7025B)
[2026-05-11T11:57:38.653Z] GET http://localhost:5173/src/components/Sidebar.vue?vue&type=style&index=0&scoped=6dec5f19&lang.css → 200 (2ms, 7160B)
[2026-05-11T11:57:38.653Z] GET http://localhost:5173/node_modules/.vite/deps/marked.js?v=60c265b6 → 200 (6ms, 67166B)
[2026-05-11T11:57:38.653Z] GET http://localhost:5173/src/views/ChatView.vue?vue&type=style&index=0&scoped=a497a79e&lang.css → 200 (5ms, 19829B)
[2026-05-11T11:57:38.653Z] GET http://localhost:5173/src/views/SkillView.vue?vue&type=style&index=0&scoped=3fa75c1a&lang.css → 200 (6ms, 8256B)
[2026-05-11T11:57:38.653Z] GET http://localhost:5173/src/views/FileView.vue?vue&type=style&index=0&scoped=fa238697&lang.css → 200 (6ms, 5245B)
[2026-05-11T11:57:38.653Z] GET http://localhost:5173/src/views/ConnectionsView.vue?vue&type=style&index=0&scoped=a948b492&lang.css → 200 (6ms, 6572B)
[2026-05-11T11:57:38.653Z] GET http://localhost:5173/src/views/TaskView.vue?vue&type=style&index=0&scoped=cce39ab7&lang.css → 200 (7ms, 9352B)
[2026-05-11T11:57:38.653Z] GET http://localhost:5173/src/views/SettingsView.vue?vue&type=style&index=0&scoped=5e0b544f&lang.css → 200 (7ms, 5100B)
[2026-05-11T11:58:20.111Z] GET http://localhost:5173/src/views/ChatView.vue?t=1778500700073 → 200 (76ms, 89484B)
[2026-05-11T11:59:01.086Z] GET http://localhost:5173/src/views/ChatView.vue?t=1778500741056&vue&type=style&index=0&scoped=a497a79e&lang.css → 200 (31ms, 19793B)
