VM4 sandbox_bundle:2 Unable to load preload script: E:\GenericAgent\oaa\gui\dist-electron\preload.js
（匿名） @ VM4 sandbox_bundle:2
VM4 sandbox_bundle:2 Error: ENOENT: no such file or directory, open 'E:\GenericAgent\oaa\gui\dist-electron\preload.js'
（匿名） @ VM4 sandbox_bundle:2
VM4 sandbox_bundle:2 Electron Security Warning (Insecure Content-Security-Policy) This renderer process has either no Content Security
  Policy set or a policy with "unsafe-eval" enabled. This exposes users of
  this app to unnecessary security risks.

For more information and help, consult
https://electronjs.org/docs/tutorial/security.
This warning will not show up
once the app is packaged.
warnAboutInsecureCSP @ VM4 sandbox_bundle:2
vue.js?v=60c265b6:2227 [Vue warn]: Property "currentDepth" was accessed during render but is not defined on instance. 
  at <FileView key=4 > 
  at <App>
warn$1 @ vue.js?v=60c265b6:2227
显示另外 1 个框架
收起
vue.js?v=60c265b6:2227 [Vue warn]: Property "currentDepth" was accessed during render but is not defined on instance. 
  at <FileView key=4 > 
  at <App>
warn$1 @ vue.js?v=60c265b6:2227
显示另外 1 个框架
收起
FileView.vue:41 [Vue warn]: Property "currentDepth" was accessed during render but is not defined on instance. 
  at <FileView key=4 > 
  at <App>
warn$1 @ vue.js?v=60c265b6:2227
get @ vue.js?v=60c265b6:5606
_sfc_render @ FileView.vue:41
renderComponentRoot @ vue.js?v=60c265b6:6750
componentUpdateFn @ vue.js?v=60c265b6:8323
run @ vue.js?v=60c265b6:530
setupRenderEffect @ vue.js?v=60c265b6:8458
mountComponent @ vue.js?v=60c265b6:8230
processComponent @ vue.js?v=60c265b6:8182
patch @ vue.js?v=60c265b6:7679
patchBlockChildren @ vue.js?v=60c265b6:8052
patchElement @ vue.js?v=60c265b6:7970
processElement @ vue.js?v=60c265b6:7817
patch @ vue.js?v=60c265b6:7667
componentUpdateFn @ vue.js?v=60c265b6:8410
run @ vue.js?v=60c265b6:530
runIfDirty @ vue.js?v=60c265b6:568
callWithErrorHandling @ vue.js?v=60c265b6:2374
flushJobs @ vue.js?v=60c265b6:2582
Promise.then（异步）
queueFlush @ vue.js?v=60c265b6:2496
queueJob @ vue.js?v=60c265b6:2491
effect2.scheduler @ vue.js?v=60c265b6:8452
trigger @ vue.js?v=60c265b6:558
endBatch @ vue.js?v=60c265b6:616
notify @ vue.js?v=60c265b6:878
trigger @ vue.js?v=60c265b6:852
set value @ vue.js?v=60c265b6:1766
set @ vue.js?v=60c265b6:1804
_createVNode.onNavigate._cache.<computed>._cache.<computed> @ App.vue:3
callWithErrorHandling @ vue.js?v=60c265b6:2374
callWithAsyncErrorHandling @ vue.js?v=60c265b6:2381
emit @ vue.js?v=60c265b6:6634
onClick @ Sidebar.vue:13
callWithErrorHandling @ vue.js?v=60c265b6:2374
callWithAsyncErrorHandling @ vue.js?v=60c265b6:2381
invoker @ vue.js?v=60c265b6:11572
显示另外 33 个框架
收起
FileView.vue:67 [Vue warn]: Property "currentDepth" was accessed during render but is not defined on instance. 
  at <FileView key=4 > 
  at <App>
warn$1 @ vue.js?v=60c265b6:2227
get @ vue.js?v=60c265b6:5606
_sfc_render @ FileView.vue:67
renderComponentRoot @ vue.js?v=60c265b6:6750
componentUpdateFn @ vue.js?v=60c265b6:8323
run @ vue.js?v=60c265b6:530
setupRenderEffect @ vue.js?v=60c265b6:8458
mountComponent @ vue.js?v=60c265b6:8230
processComponent @ vue.js?v=60c265b6:8182
patch @ vue.js?v=60c265b6:7679
patchBlockChildren @ vue.js?v=60c265b6:8052
patchElement @ vue.js?v=60c265b6:7970
processElement @ vue.js?v=60c265b6:7817
patch @ vue.js?v=60c265b6:7667
componentUpdateFn @ vue.js?v=60c265b6:8410
run @ vue.js?v=60c265b6:530
runIfDirty @ vue.js?v=60c265b6:568
callWithErrorHandling @ vue.js?v=60c265b6:2374
flushJobs @ vue.js?v=60c265b6:2582
Promise.then（异步）
queueFlush @ vue.js?v=60c265b6:2496
queueJob @ vue.js?v=60c265b6:2491
effect2.scheduler @ vue.js?v=60c265b6:8452
trigger @ vue.js?v=60c265b6:558
endBatch @ vue.js?v=60c265b6:616
notify @ vue.js?v=60c265b6:878
trigger @ vue.js?v=60c265b6:852
set value @ vue.js?v=60c265b6:1766
set @ vue.js?v=60c265b6:1804
_createVNode.onNavigate._cache.<computed>._cache.<computed> @ App.vue:3
callWithErrorHandling @ vue.js?v=60c265b6:2374
callWithAsyncErrorHandling @ vue.js?v=60c265b6:2381
emit @ vue.js?v=60c265b6:6634
onClick @ Sidebar.vue:13
callWithErrorHandling @ vue.js?v=60c265b6:2374
callWithAsyncErrorHandling @ vue.js?v=60c265b6:2381
invoker @ vue.js?v=60c265b6:11572
显示另外 33 个框架
收起
